[0407/124110.995:ERROR:exception_snapshot_win.cc(87)] thread ID 10932 not found in process
[0407/124110.996:WARNING:crash_report_exception_handler.cc(60)] ProcessSnapshotWin::Initialize failed
[0407/124112.411:ERROR:exception_snapshot_win.cc(87)] thread ID 8736 not found in process
[0407/124112.411:WARNING:crash_report_exception_handler.cc(60)] ProcessSnapshotWin::Initialize failed
[0407/124113.065:ERROR:exception_snapshot_win.cc(87)] thread ID 6504 not found in process
[0407/124113.065:WARNING:crash_report_exception_handler.cc(60)] ProcessSnapshotWin::Initialize failed
[0410/233048.364:ERROR:scoped_process_suspend.cc(30)] NtSuspendProcess: Ett försök gjordes att använda en befintlig process.  (0xc000010a)
[0410/233048.369:ERROR:process_info.cc(116)] ReadProcessMemory bool __cdecl crashpad::`anonymous-namespace'::ReadStruct<struct crashpad::process_types::PEB<struct crashpad::process_types::internal::Traits32>>(void *,unsigned __int64,struct crashpad::process_types::PEB<struct crashpad::process_types::internal::Traits32> *): Endast delar av en ReadProcessMemory- eller WriteProcessMemory-begäran har slutförts. (0x12B)
[0410/233048.370:ERROR:process_info.cc(559)] ReadProcessData failed
[0410/233048.370:ERROR:process_reader_win.cc(233)] ReadMemory at 0x712d7dc8 of 12 bytes failed: Endast delar av en ReadProcessMemory- eller WriteProcessMemory-begäran har slutförts. (0x12B)
[0410/233048.370:WARNING:process_snapshot_win.cc(68)] ReadMemory ExceptionInformation failed
[0410/233048.370:WARNING:crash_report_exception_handler.cc(60)] ProcessSnapshotWin::Initialize failed
[0418/175154.986:ERROR:process_info.cc(625)] range at 0xfffde000, size 0x230 fully unreadable
[0418/175155.004:ERROR:process_info.cc(625)] range at 0xfffdd000, size 0xf84 fully unreadable
[0418/175155.004:ERROR:process_info.cc(625)] range at 0xfffda000, size 0xf84 fully unreadable
[0418/175155.004:ERROR:process_info.cc(625)] range at 0xfffd7000, size 0xf84 fully unreadable
[0418/175155.004:ERROR:process_info.cc(625)] range at 0xfffaf000, size 0xf84 fully unreadable
[0418/175155.005:ERROR:process_info.cc(625)] range at 0xfffac000, size 0xf84 fully unreadable
[0418/175155.005:ERROR:process_info.cc(625)] range at 0xfffa9000, size 0xf84 fully unreadable
[0418/175155.005:ERROR:process_info.cc(625)] range at 0xfffa6000, size 0xf84 fully unreadable
[0418/175155.005:ERROR:process_info.cc(625)] range at 0xfffa3000, size 0xf84 fully unreadable
[0418/175155.005:ERROR:process_info.cc(625)] range at 0xfffa0000, size 0xf84 fully unreadable
[0418/175155.006:ERROR:process_info.cc(625)] range at 0xfff9d000, size 0xf84 fully unreadable
[0418/175155.006:ERROR:process_info.cc(625)] range at 0xfff9a000, size 0xf84 fully unreadable
[0418/175155.006:ERROR:process_info.cc(625)] range at 0xfff94000, size 0xf84 fully unreadable
[0418/175155.006:ERROR:process_info.cc(625)] range at 0xfff91000, size 0xf84 fully unreadable
[0418/175155.006:ERROR:process_info.cc(625)] range at 0xfff8e000, size 0xf84 fully unreadable
[0418/175155.007:ERROR:process_info.cc(625)] range at 0xfff8b000, size 0xf84 fully unreadable
[0418/175155.007:ERROR:process_info.cc(625)] range at 0xfff88000, size 0xf84 fully unreadable
[0428/041214.164:ERROR:exception_snapshot_win.cc(87)] thread ID 3156 not found in process
[0428/041214.164:WARNING:crash_report_exception_handler.cc(60)] ProcessSnapshotWin::Initialize failed
[0505/131701.035:ERROR:scoped_process_suspend.cc(30)] NtSuspendProcess: Ett försök gjordes att använda en befintlig process.  (0xc000010a)
[0505/131701.045:ERROR:process_info.cc(116)] ReadProcessMemory bool __cdecl crashpad::`anonymous-namespace'::ReadStruct<struct crashpad::process_types::PEB<struct crashpad::process_types::internal::Traits64>>(void *,unsigned __int64,struct crashpad::process_types::PEB<struct crashpad::process_types::internal::Traits64> *): Endast delar av en ReadProcessMemory- eller WriteProcessMemory-begäran har slutförts. (0x12B)
[0505/131701.045:ERROR:process_info.cc(559)] ReadProcessData failed
[0505/131701.045:ERROR:process_reader_win.cc(233)] ReadMemory at 0x7fee3e32968 of 12 bytes failed: Endast delar av en ReadProcessMemory- eller WriteProcessMemory-begäran har slutförts. (0x12B)
[0505/131701.045:WARNING:process_snapshot_win.cc(68)] ReadMemory ExceptionInformation failed
[0505/131701.045:WARNING:crash_report_exception_handler.cc(60)] ProcessSnapshotWin::Initialize failed
[0509/205947.525:ERROR:process_info.cc(116)] ReadProcessMemory bool __cdecl crashpad::`anonymous-namespace'::ReadStruct<struct crashpad::process_types::RTL_USER_PROCESS_PARAMETERS<struct crashpad::process_types::internal::Traits64>>(void *,unsigned __int64,struct crashpad::process_types::RTL_USER_PROCESS_PARAMETERS<struct crashpad::process_types::internal::Traits64> *): Endast delar av en ReadProcessMemory- eller WriteProcessMemory-begäran har slutförts. (0x12B)
[0509/205947.525:ERROR:process_info.cc(559)] ReadProcessData failed
[0509/205947.525:ERROR:process_reader_win.cc(233)] ReadMemory at 0x7fef8552968 of 12 bytes failed: Endast delar av en ReadProcessMemory- eller WriteProcessMemory-begäran har slutförts. (0x12B)
[0509/205947.525:WARNING:process_snapshot_win.cc(68)] ReadMemory ExceptionInformation failed
[0509/205947.525:WARNING:crash_report_exception_handler.cc(60)] ProcessSnapshotWin::Initialize failed
[0509/205947.525:ERROR:scoped_process_suspend.cc(38)] NtResumeProcess: Ett försök gjordes att använda en befintlig process.  (0xc000010a)
[0527/194112.739:ERROR:exception_snapshot_win.cc(87)] thread ID 8404 not found in process
[0527/194112.740:WARNING:crash_report_exception_handler.cc(60)] ProcessSnapshotWin::Initialize failed
