4144
0 0 0 11
0 12 0 23
0 24 0 35
0 36 0 47
0 48 0 59
0 60 0 71
0 72 0 83
0 84 0 95
0 96 0 107
0 108 0 119
0 120 0 131
0 132 0 143
0 144 0 155
0 156 0 167
0 168 0 179
0 180 0 191
0 192 0 203
0 204 0 215
0 216 1 221
0 222 0 233
0 234 0 245
0 246 3 248
0 249 11 249
1 0 1 11
1 12 1 23
1 24 1 35
1 36 1 47
1 48 1 59
1 60 1 71
1 72 1 83
1 84 1 95
1 96 1 107
1 108 1 119
1 120 1 131
1 132 1 143
1 144 1 155
1 156 1 167
1 168 1 179
1 180 1 191
1 192 4 194
1 195 6 196
1 197 6 198
1 199 1 210
1 211 3 214
1 215 12 215
1 222 1 233
1 234 1 245
2 0 3 5
2 6 5 8
2 9 2 20
2 21 2 32
2 33 2 44
2 45 2 56
2 57 2 68
2 69 2 80
2 81 2 92
2 93 2 104
2 105 2 116
2 117 3 122
2 123 2 134
2 135 2 146
2 147 2 158
2 159 2 170
2 171 2 182
2 183 3 188
2 189 5 191
2 199 2 210
2 216 2 227
2 228 2 239
2 240 3 245
3 9 3 20
3 21 3 32
3 33 3 44
3 45 3 56
3 57 3 68
3 69 14 69
3 70 3 81
3 82 3 93
3 94 3 105
3 106 3 116
3 123 3 134
3 135 3 146
3 147 3 158
3 159 4 164
3 165 4 170
3 171 3 182
3 199 4 204
3 205 4 210
3 216 3 227
3 228 3 239
4 0 5 5
4 9 4 20
4 21 4 32
4 33 4 44
4 45 4 56
4 57 4 68
4 70 4 81
4 82 7 84
4 85 4 96
4 97 5 102
4 103 4 114
4 115 5 120
4 121 4 132
4 133 4 144
4 145 4 156
4 157 9 158
4 171 4 182
4 183 5 188
4 211 6 214
4 216 4 227
4 228 4 239
4 240 4 248
5 9 6 14
5 15 6 20
5 21 5 32
5 33 5 44
5 45 7 48
5 49 5 60
5 61 6 66
5 67 10 68
5 70 5 81
5 85 5 96
5 103 5 114
5 121 5 132
5 133 5 144
5 145 5 156
5 159 5 170
5 171 5 182
5 192 8 194
5 199 5 210
5 216 5 227
5 228 5 239
5 240 5 248
6 0 6 8
6 21 6 32
6 33 6 44
6 49 6 60
6 70 6 81
6 85 6 96
6 97 7 102
6 103 11 104
6 105 6 116
6 117 6 128
6 129 6 140
6 141 6 152
6 153 11 154
6 155 11 156
6 159 6 170
6 171 6 182
6 183 7 188
6 189 9 191
6 199 6 210
6 216 7 221
6 222 8 225
6 226 6 237
6 238 6 248
7 0 7 11
7 12 7 23
7 24 7 35
7 36 7 44
7 49 7 60
7 61 8 66
7 70 7 81
7 85 7 96
7 105 7 116
7 117 7 128
7 129 7 140
7 141 7 152
7 159 7 170
7 171 7 182
7 195 7 206
7 207 7 214
7 226 7 237
7 238 7 248
8 0 8 11
8 12 8 23
8 24 8 35
8 36 8 47
8 48 8 59
8 60 19 60
8 70 8 81
8 82 8 93
8 94 8 102
8 105 8 116
8 117 8 128
8 129 8 140
8 141 8 152
8 159 8 170
8 171 8 182
8 183 9 188
8 195 8 206
8 207 9 212
8 213 13 214
8 216 9 221
8 226 10 229
8 230 8 241
8 242 9 247
8 248 19 248
9 0 10 5
9 6 9 17
9 18 9 29
9 30 9 41
9 42 9 53
9 54 10 59
9 61 10 66
9 70 9 81
9 82 9 93
9 94 10 99
9 100 12 102
9 105 9 116
9 117 9 128
9 129 9 140
9 141 12 143
9 144 12 146
9 147 10 152
9 159 9 170
9 171 9 182
9 192 9 203
9 204 14 205
9 206 20 206
9 222 11 225
9 230 9 241
10 6 10 17
10 18 10 29
10 30 10 41
10 42 10 53
10 70 10 81
10 82 10 93
10 105 11 110
10 111 10 122
10 123 12 126
10 127 10 138
10 139 21 139
10 140 21 140
10 157 10 168
10 169 11 174
10 175 10 186
10 187 10 198
10 199 12 202
10 203 21 203
10 207 11 212
10 216 11 221
10 230 10 241
10 242 11 247
11 0 11 11
11 12 11 23
11 24 11 35
11 36 11 47
11 48 11 59
11 61 12 66
11 67 16 68
11 70 11 81
11 82 11 93
11 94 12 99
11 111 11 122
11 127 11 138
11 147 12 152
11 157 11 168
11 175 11 186
11 187 11 198
11 226 11 237
11 238 13 241
12 0 12 11
12 12 12 23
12 24 12 35
12 36 13 41
12 42 13 47
12 48 13 53
12 54 13 59
12 70 12 81
12 82 13 87
12 88 13 93
12 103 12 114
12 115 13 120
12 121 17 122
12 127 12 138
12 153 12 164
12 165 12 176
12 177 12 188
12 189 12 198
12 207 13 212
12 216 12 227
12 228 12 237
12 242 14 245
12 246 17 247
12 249 23 249
13 0 13 11
13 12 13 23
13 24 13 35
13 61 14 66
13 70 13 81
13 94 13 105
13 106 13 114
13 123 13 134
13 135 15 138
13 141 14 146
13 147 13 158
13 159 13 170
13 171 13 182
13 183 13 194
13 195 14 200
13 201 18 202
13 215 13 226
13 227 13 237
14 0 14 11
14 12 14 23
14 24 14 35
14 36 14 47
14 48 14 59
14 70 14 81
14 82 14 93
14 94 14 105
14 106 14 117
14 118 17 120
14 123 14 134
14 147 14 158
14 159 15 164
14 165 14 176
14 177 14 188
14 189 15 194
14 207 15 212
14 213 16 216
14 217 14 228
14 229 14 240
14 241 25 241
15 0 15 11
15 12 15 23
15 24 15 35
15 36 15 47
15 48 15 59
15 61 16 66
15 69 15 80
15 81 15 92
15 93 15 104
15 105 15 116
15 123 15 134
15 141 15 152
15 153 16 158
15 165 20 166
15 167 15 178
15 179 15 188
15 195 16 200
15 204 26 204
15 217 15 228
15 229 15 240
15 242 18 244
15 245 26 245
16 0 16 11
16 12 16 23
16 24 16 35
16 36 16 47
16 48 16 59
16 69 17 74
16 75 16 86
16 87 16 98
16 99 16 110
16 111 17 116
16 123 16 134
16 135 21 136
16 137 21 138
16 141 16 152
16 159 17 164
16 167 16 178
16 179 16 190
16 191 18 194
16 205 27 205
16 207 17 212
16 217 16 228
16 229 21 230
16 231 19 233
16 234 17 239
16 240 27 240
17 0 17 11
17 12 17 23
17 24 17 35
17 36 17 47
17 48 17 59
17 61 18 66
17 67 22 68
17 75 17 86
17 87 17 98
17 99 17 110
17 123 17 134
17 141 19 144
17 145 17 156
17 157 22 158
17 167 17 178
17 179 17 190
17 195 18 200
17 213 17 224
17 225 19 228
18 0 18 11
18 12 18 23
18 24 18 35
18 36 18 47
18 48 18 59
18 69 19 74
18 75 18 86
18 87 18 98
18 99 18 110
18 111 18 122
18 123 18 134
18 145 18 156
18 159 19 164
18 167 18 178
18 179 18 190
18 207 18 218
18 219 19 224
18 234 20 237
18 238 23 239
18 246 23 247
19 0 19 11
19 12 19 23
19 24 19 35
19 36 19 47
19 48 19 59
19 61 22 63
19 64 22 66
19 75 19 86
19 87 19 98
19 99 19 110
19 111 20 116
19 117 19 128
19 129 20 134
19 145 19 156
19 167 19 178
19 179 19 190
19 191 19 202
19 207 19 218
19 242 22 244
20 0 20 11
20 12 20 23
20 24 20 35
20 36 21 41
20 42 20 53
20 54 21 59
20 60 31 60
20 69 21 74
20 75 20 86
20 87 21 92
20 93 21 98
20 99 20 110
20 117 31 117
20 118 31 118
20 119 21 124
20 125 31 125
20 127 25 128
20 141 20 152
20 153 22 156
20 159 21 164
20 167 20 178
20 179 20 190
20 191 20 202
20 207 20 218
20 219 20 228
20 231 23 233
20 248 31 248
21 0 21 11
21 12 21 23
21 24 21 35
21 42 21 53
21 75 21 86
21 99 21 110
21 111 22 116
21 126 32 126
21 129 22 134
21 141 21 152
21 165 21 176
21 177 21 188
21 189 21 200
21 201 26 202
21 206 22 211
21 212 21 223
21 224 23 227
21 228 32 228
21 234 23 237
22 0 22 11
22 12 22 23
22 24 22 35
22 36 22 47
22 48 22 59
22 69 22 80
22 81 22 92
22 93 22 104
22 105 23 110
22 119 23 124
22 135 22 146
22 147 23 152
22 159 22 170
22 171 22 182
22 183 22 194
22 195 23 200
22 203 33 203
22 212 22 223
22 229 27 230
23 0 23 11
23 12 23 23
23 24 23 35
23 36 23 47
23 48 23 59
23 61 23 72
23 73 23 84
23 85 23 96
23 97 24 102
23 103 28 104
23 111 26 113
23 114 26 116
23 129 23 140
23 141 24 146
23 153 23 164
23 165 23 176
23 177 23 188
23 189 24 194
23 206 23 217
23 218 24 223
23 242 26 244
24 0 24 11
24 12 24 23
24 24 24 35
24 36 24 47
24 48 24 59
24 61 24 72
24 73 24 84
24 85 24 96
24 105 25 110
24 119 25 124
24 129 24 140
24 147 24 158
24 159 24 170
24 171 24 182
24 183 25 188
24 195 25 200
24 206 24 217
24 224 26 227
24 231 25 236
24 237 27 239
24 246 29 247
24 249 35 249
25 0 25 11
25 12 25 23
25 24 25 35
25 36 25 47
25 48 25 59
25 61 25 72
25 73 25 84
25 85 28 87
25 88 25 99
25 100 28 102
25 129 25 140
25 141 25 152
25 153 27 156
25 157 25 168
25 169 25 180
25 181 30 182
25 189 26 194
25 206 25 217
25 218 26 223
26 0 26 11
26 12 26 23
26 24 26 35
26 36 26 47
26 48 26 59
26 61 26 72
26 73 26 84
26 88 26 99
26 105 27 110
26 119 27 124
26 127 26 138
26 139 26 150
26 151 31 152
26 157 26 168
26 169 26 180
26 183 27 188
26 195 28 198
26 200 37 200
26 206 26 217
26 231 27 236
26 241 37 241
27 0 27 11
27 12 27 23
27 24 28 29
27 30 29 33
27 34 27 45
27 46 27 57
27 58 32 59
27 61 27 72
27 73 29 76
27 77 28 82
27 83 32 84
27 88 28 93
27 94 28 99
27 111 28 116
27 127 27 138
27 139 27 150
27 157 27 168
27 169 28 174
27 175 28 180
27 189 28 194
27 201 32 202
27 206 27 217
27 218 27 227
27 242 29 245
28 0 28 11
28 12 28 23
28 34 28 45
28 46 28 57
28 61 28 72
28 105 29 110
28 119 30 122
28 123 39 123
28 124 39 124
28 127 30 130
28 131 29 136
28 137 28 148
28 149 33 150
28 153 28 164
28 165 30 168
28 183 29 188
28 204 28 215
28 216 28 227
28 229 28 240
29 0 29 11
29 12 29 23
29 24 30 29
29 34 29 45
29 46 29 57
29 61 29 72
29 77 31 80
29 82 40 82
29 85 29 96
29 97 29 104
29 111 30 116
29 137 29 148
29 153 29 164
29 169 29 180
29 189 29 199
29 204 29 215
29 216 29 227
29 229 29 240
30 0 30 11
30 12 30 23
30 30 30 41
30 42 30 53
30 54 32 57
30 61 30 72
30 74 33 76
30 85 30 96
30 97 30 108
30 109 35 110
30 131 30 142
30 143 31 148
30 153 30 164
30 169 30 180
30 183 30 194
30 195 32 198
30 204 30 215
30 216 30 227
30 229 30 240
30 242 31 247
31 0 31 11
31 12 31 23
31 24 32 29
31 30 31 41
31 42 33 45
31 46 33 49
31 50 34 52
31 61 31 72
31 85 31 96
31 97 31 108
31 111 32 116
31 119 33 122
31 127 31 138
31 139 33 142
31 153 31 164
31 165 31 176
31 177 31 188
31 189 36 190
31 191 34 193
31 194 42 194
31 204 31 215
31 216 31 227
31 229 31 240
32 0 32 11
32 12 32 23
32 30 32 41
32 60 32 71
32 72 37 73
32 77 34 80
32 81 43 81
32 85 32 96
32 97 32 108
32 117 37 118
32 125 43 125
32 127 32 138
32 143 33 148
32 151 32 162
32 163 32 174
32 175 32 186
32 187 37 188
32 204 32 215
32 216 32 227
32 229 32 240
32 242 33 247
32 248 43 248
33 0 33 11
33 12 33 23
33 24 34 29
33 30 34 35
33 36 35 39
33 40 38 41
33 53 33 64
33 65 35 68
33 69 38 70
33 71 44 71
33 83 33 94
33 95 33 106
33 107 38 108
33 111 34 116
33 126 33 137
33 138 44 138
33 151 33 162
33 163 33 174
33 175 33 186
33 195 35 198
33 201 38 202
33 204 35 207
33 208 33 219
33 220 33 231
33 232 33 240
34 0 36 3
34 4 36 7
34 8 35 13
34 14 35 19
34 20 37 22
34 42 35 47
34 48 39 49
34 53 34 64
34 74 37 76
34 83 34 94
34 95 45 95
34 97 36 100
34 101 39 102
34 103 39 104
34 105 39 106
34 119 36 122
34 126 34 137
34 139 34 150
34 151 34 162
34 163 36 166
34 167 34 178
34 179 37 181
34 182 37 184
34 185 39 186
34 203 45 203
34 208 34 219
34 220 35 225
34 226 36 229
34 230 34 240
34 242 35 247
35 23 35 34
35 35 46 35
35 50 35 61
35 62 46 62
35 63 46 63
35 64 46 64
35 77 37 80
35 83 35 94
35 111 36 116
35 126 35 137
35 139 35 150
35 151 35 162
35 167 35 178
35 191 38 193
35 199 46 199
35 208 35 219
35 230 35 240
36 8 39 10
36 11 38 14
36 15 38 18
36 23 36 34
36 36 38 39
36 42 38 45
36 46 41 47
36 50 36 61
36 65 38 68
36 83 36 94
36 109 41 110
36 126 36 137
36 139 36 150
36 151 36 162
36 167 36 178
36 195 38 198
36 204 36 215
36 216 37 221
36 222 41 223
36 224 47 224
36 230 36 240
36 242 37 247
36 249 47 249
37 0 38 5
37 6 42 7
37 23 37 34
37 50 39 53
37 54 38 59
37 60 42 61
37 83 37 94
37 96 40 98
37 99 48 99
37 111 38 116
37 119 39 122
37 126 37 137
37 139 37 150
37 151 38 156
37 157 37 168
37 169 37 178
37 189 42 190
37 204 37 215
37 225 37 236
37 237 39 240
38 19 38 30
38 31 40 34
38 72 38 80
38 83 38 94
38 117 49 117
38 126 38 137
38 139 38 150
38 157 38 168
38 169 38 180
38 181 40 184
38 187 43 188
38 200 49 200
38 204 40 207
38 208 38 219
38 220 43 221
38 225 38 236
38 241 39 246
39 0 40 5
39 11 39 22
39 23 40 28
39 29 44 30
39 36 42 38
39 39 40 44
39 45 50 45
39 54 41 57
39 58 44 59
39 65 40 70
39 72 44 73
39 74 42 76
39 77 41 80
39 83 39 94
39 107 44 108
39 111 40 116
39 126 39 137
39 139 39 150
39 151 39 162
39 163 39 174
39 175 41 178
39 179 44 180
39 191 42 193
39 195 41 198
39 201 44 202
39 208 39 219
39 225 39 236
39 247 50 247
40 8 40 19
40 20 43 22
40 48 41 53
40 83 40 94
40 100 41 105
40 106 51 106
40 118 41 123
40 124 51 124
40 126 40 137
40 139 40 150
40 151 40 162
40 163 40 174
40 185 45 186
40 208 40 219
40 225 41 230
40 231 40 242
40 243 42 246
41 0 42 5
41 8 41 19
41 23 42 28
41 31 43 34
41 39 46 40
41 41 43 44
41 65 42 70
41 82 41 93
41 94 52 94
41 96 44 98
41 111 42 116
41 126 42 131
41 132 42 137
41 139 41 150
41 151 41 162
41 163 41 174
41 181 52 181
41 182 52 182
41 183 46 184
41 204 41 215
41 217 44 219
41 231 41 242
42 8 44 11
42 12 43 17
42 18 53 18
42 46 42 57
42 77 44 80
42 82 43 87
42 88 43 93
42 100 43 105
42 109 47 110
42 118 43 123
42 139 42 150
42 151 43 156
42 157 42 168
42 169 43 174
42 175 45 177
42 178 53 178
42 195 44 198
42 204 42 215
42 216 53 216
42 222 47 223
42 225 42 236
42 237 43 242
43 0 44 5
43 6 48 7
43 23 44 28
43 36 46 38
43 46 43 57
43 60 48 61
43 65 44 70
43 74 46 76
43 111 44 116
43 126 43 137
43 139 43 150
43 157 43 168
43 189 44 194
43 204 43 215
43 225 43 236
43 243 45 246
44 12 45 17
44 19 46 22
44 31 46 34
44 41 46 44
44 46 44 57
44 81 44 92
44 93 55 93
44 100 45 105
44 118 45 123
44 125 44 136
44 137 55 137
44 139 45 144
44 145 44 156
44 157 44 168
44 169 45 174
44 187 49 188
44 204 44 215
44 220 49 221
44 225 44 236
44 237 46 240
44 241 49 242
44 248 55 248
45 0 46 5
45 8 47 11
45 23 46 28
45 29 50 30
45 46 45 57
45 58 50 59
45 65 46 70
45 71 48 73
45 77 45 88
45 89 47 92
45 96 48 98
45 107 50 108
45 111 46 116
45 125 46 130
45 131 46 136
45 138 56 138
45 145 45 156
45 157 45 168
45 179 50 180
45 189 45 198
45 201 50 202
45 204 45 215
45 217 48 219
45 225 45 236
46 12 47 17
46 46 46 57
46 77 47 82
46 83 47 88
46 95 57 95
46 100 47 105
46 118 47 123
46 139 46 150
46 151 46 162
46 163 46 174
46 175 49 177
46 185 51 186
46 189 46 198
46 203 46 214
46 215 57 215
46 225 46 236
46 244 49 246
47 0 48 5
47 19 47 28
47 31 48 36
47 37 48 42
47 43 52 44
47 46 49 49
47 50 48 55
47 56 52 57
47 62 48 67
47 68 50 70
47 74 50 76
47 111 48 116
47 125 47 136
47 139 47 150
47 151 47 162
47 163 47 174
47 183 52 184
47 189 47 199
47 203 47 214
47 225 47 236
47 237 49 240
48 8 49 13
48 14 50 17
48 19 48 28
48 77 48 88
48 89 50 92
48 100 49 105
48 109 53 110
48 118 49 123
48 125 48 136
48 139 49 144
48 145 48 156
48 157 48 168
48 169 49 174
48 189 48 199
48 203 48 214
48 222 48 233
48 234 53 235
48 236 59 236
48 249 59 249
49 0 49 7
49 19 49 28
49 31 49 42
49 50 51 53
49 54 54 55
49 60 51 63
49 64 51 67
49 71 52 73
49 77 49 88
49 96 51 99
49 111 51 114
49 115 54 116
49 125 49 136
49 145 49 156
49 157 49 168
49 189 49 199
49 203 49 214
49 217 52 219
49 222 49 233
50 0 50 11
50 12 55 13
50 19 52 22
50 23 51 28
50 31 50 42
50 46 52 49
50 77 50 88
50 100 55 101
50 102 52 105
50 117 51 122
50 125 50 136
50 139 50 150
50 151 50 162
50 163 50 174
50 175 53 177
50 187 50 198
50 199 55 200
50 203 50 214
50 220 50 231
50 232 55 233
50 237 50 246
51 0 51 11
51 14 53 17
51 29 51 40
51 41 62 41
51 45 62 45
51 58 56 59
51 68 56 69
51 70 62 70
51 74 51 85
51 86 54 88
51 89 53 92
51 107 56 108
51 125 51 136
51 139 51 150
51 151 53 154
51 155 51 166
51 167 52 172
51 173 56 174
51 179 56 180
51 187 51 198
51 201 51 212
51 213 56 214
51 220 51 231
51 237 51 247
52 0 52 11
52 23 52 34
52 35 53 40
52 50 55 52
52 53 63 53
52 60 53 65
52 66 57 67
52 74 52 85
52 96 54 99
52 106 63 106
52 111 55 113
52 114 63 114
52 117 52 128
52 129 53 134
52 135 63 135
52 136 63 136
52 139 52 150
52 155 52 166
52 185 54 188
52 189 63 189
52 190 54 193
52 194 54 197
52 198 63 198
52 201 52 212
52 220 52 231
52 237 57 238
52 239 53 244
52 245 55 247
53 0 53 11
53 19 53 30
53 31 55 34
53 42 56 44
53 46 55 49
53 56 58 57
53 71 53 82
53 83 56 85
53 94 64 94
53 102 55 105
53 117 53 128
53 139 53 150
53 155 54 160
53 161 53 172
53 181 55 184
53 201 53 212
53 217 53 228
53 229 64 229
53 230 64 230
53 231 64 231
54 0 54 11
54 14 54 25
54 26 56 29
54 30 65 30
54 35 55 40
54 60 57 62
54 63 57 65
54 71 54 82
54 89 56 92
54 109 59 110
54 117 54 128
54 129 55 134
54 139 54 150
54 151 56 154
54 161 54 172
54 175 56 178
54 201 55 206
54 207 55 212
54 216 55 221
54 222 55 227
54 234 59 235
54 239 55 244
55 0 55 11
55 14 55 25
55 54 60 55
55 71 58 73
55 74 56 79
55 80 58 82
55 86 58 88
55 96 57 99
55 115 56 120
55 121 56 126
55 127 60 128
55 139 55 150
55 155 55 166
55 167 56 172
55 185 57 188
55 190 56 195
55 196 60 197
56 0 56 11
56 12 56 23
56 24 61 25
56 31 56 40
56 46 57 51
56 52 67 52
56 93 67 93
56 100 57 105
56 111 61 112
56 113 67 113
56 129 57 134
56 137 67 137
56 139 56 150
56 155 56 166
56 181 58 184
56 199 57 204
56 205 57 210
56 211 61 212
56 216 56 227
56 232 61 233
56 239 56 248
57 0 57 11
57 12 58 17
57 18 62 19
57 20 68 20
57 21 60 23
57 26 59 29
57 31 57 40
57 42 60 44
57 58 62 59
57 68 62 69
57 74 58 79
57 83 62 84
57 89 59 92
57 107 68 107
57 108 68 108
57 115 57 126
57 138 58 143
57 144 57 155
57 156 57 167
57 168 57 179
57 180 68 180
57 190 58 195
57 213 62 214
57 216 58 221
57 222 58 227
57 239 57 248
58 0 58 11
58 31 58 40
58 46 59 51
58 60 59 65
58 66 63 67
58 95 58 105
58 115 58 126
58 129 59 134
58 144 58 155
58 156 58 167
58 168 58 179
58 185 60 188
58 199 58 210
58 215 69 215
58 237 58 248
59 0 59 11
59 12 60 17
59 31 59 40
59 56 70 56
59 57 70 57
59 71 59 82
59 85 61 88
59 95 59 105
59 115 59 126
59 138 59 149
59 150 59 161
59 162 59 173
59 174 60 179
59 181 61 184
59 190 60 195
59 199 60 204
59 205 62 207
59 208 70 208
59 209 64 210
59 216 60 221
59 222 61 225
59 226 62 228
59 237 59 248
60 0 61 5
60 6 61 11
60 26 62 29
60 31 60 40
60 46 61 51
60 60 61 65
60 71 60 82
60 89 62 92
60 95 62 98
60 99 61 104
60 105 71 105
60 109 65 110
60 116 65 117
60 118 65 119
60 120 61 125
60 126 71 126
60 129 61 134
60 138 60 149
60 150 60 161
60 162 60 173
60 234 60 245
60 246 62 249
61 12 62 17
61 21 64 23
61 31 62 36
61 37 63 40
61 42 64 44
61 54 66 55
61 71 61 82
61 127 72 127
61 138 61 149
61 150 61 161
61 162 61 173
61 174 62 179
61 185 63 188
61 190 61 197
61 199 63 202
61 203 66 204
61 216 62 221
61 234 61 245
62 0 62 11
62 24 73 24
62 25 73 25
62 46 63 51
62 60 63 65
62 71 63 76
62 77 64 80
62 81 67 82
62 85 64 88
62 99 63 104
62 111 67 112
62 120 63 125
62 129 65 131
62 132 65 134
62 138 62 149
62 150 62 161
62 162 62 173
62 181 64 184
62 190 63 195
62 196 73 196
62 197 73 197
62 211 67 212
62 222 64 225
62 232 62 243
62 244 73 244
62 245 73 245
63 0 64 5
63 6 63 17
63 18 68 19
63 26 65 29
63 31 64 36
63 45 74 45
63 59 74 59
63 68 66 70
63 83 68 84
63 89 65 92
63 95 66 97
63 98 74 98
63 128 74 128
63 138 64 143
63 144 63 155
63 156 63 167
63 168 63 179
63 205 66 207
63 213 68 214
63 216 64 221
63 226 66 228
63 232 63 243
63 246 65 249
64 6 65 11
64 12 67 14
64 15 69 16
64 17 75 17
64 37 66 40
64 41 75 41
64 46 65 51
64 53 75 53
64 58 75 58
64 60 65 65
64 66 69 67
64 71 65 76
64 99 65 104
64 106 75 106
64 114 69 115
64 120 65 125
64 135 69 136
64 144 64 155
64 156 64 167
64 168 67 170
64 171 65 176
64 177 67 179
64 185 66 188
64 189 65 194
64 195 75 195
64 198 69 199
64 201 69 202
64 232 66 235
64 237 69 238
64 239 66 242
64 243 75 243
65 0 66 5
65 22 70 23
65 31 66 36
65 42 68 44
65 77 67 80
65 85 67 88
65 94 76 94
65 138 65 149
65 150 65 161
65 162 66 167
65 181 67 184
65 209 70 210
65 216 66 221
65 222 67 225
65 229 68 231
66 6 67 11
66 21 77 21
66 26 68 29
66 46 67 51
66 60 67 65
66 71 67 76
66 89 68 92
66 99 67 104
66 109 77 109
66 110 77 110
66 116 67 121
66 122 68 125
66 129 67 134
66 138 66 149
66 150 66 161
66 171 67 176
66 189 67 194
66 246 68 249
67 0 68 5
67 30 67 40
67 54 72 55
67 68 70 70
67 95 78 95
67 96 72 97
67 138 67 149
67 150 67 161
67 162 68 167
67 186 72 187
67 200 78 200
67 203 69 206
67 216 68 221
67 226 70 228
67 232 69 235
67 236 78 236
67 239 69 242
68 6 69 11
68 12 71 14
68 30 69 35
68 36 79 36
68 37 73 38
68 39 73 40
68 46 69 51
68 52 79 52
68 60 69 65
68 71 68 82
68 85 70 88
68 93 79 93
68 99 69 104
68 111 71 113
68 116 71 118
68 119 71 121
68 129 69 134
68 137 68 148
68 149 68 160
68 161 79 161
68 168 68 179
68 181 70 184
68 188 70 191
68 192 71 194
68 207 79 207
68 212 79 212
68 222 70 225
69 0 70 5
69 18 72 20
69 26 71 29
69 42 72 44
69 71 69 82
69 83 74 84
69 89 71 92
69 107 74 108
69 122 71 125
69 137 69 148
69 149 69 160
69 162 69 173
69 174 70 179
69 180 80 180
69 213 74 214
69 216 70 221
69 229 72 231
69 246 71 249
70 6 71 11
70 15 75 16
70 30 71 35
70 47 72 50
70 51 81 51
70 60 71 65
70 66 75 67
70 71 70 82
70 99 71 104
70 114 75 115
70 129 70 140
70 141 70 152
70 153 81 153
70 154 81 154
70 156 81 156
70 157 72 160
70 162 71 167
70 168 71 173
70 185 81 185
70 198 75 199
70 201 71 206
70 215 81 215
70 232 81 232
70 233 81 233
70 234 75 235
70 237 75 238
70 239 72 242
71 0 74 2
71 3 74 5
71 22 76 23
71 46 82 46
71 56 76 57
71 68 71 79
71 80 74 82
71 85 73 88
71 129 71 140
71 141 71 152
71 174 72 179
71 182 74 184
71 188 73 191
71 208 73 211
71 216 72 221
71 222 72 227
71 228 82 228
72 6 72 14
72 26 72 35
72 60 73 65
72 68 72 79
72 89 74 92
72 99 73 104
72 105 83 105
72 111 75 113
72 116 72 126
72 129 72 140
72 141 72 152
72 162 72 173
72 181 83 181
72 192 75 194
72 201 73 206
72 246 74 249
73 6 73 14
73 18 76 20
73 26 73 35
73 42 78 43
73 44 84 44
73 47 75 50
73 54 78 55
73 68 73 79
73 96 78 97
73 116 73 127
73 129 73 140
73 141 73 152
73 157 75 160
73 162 73 173
73 174 74 179
73 186 78 187
73 216 73 227
73 229 76 231
73 241 78 242
74 6 75 11
74 12 77 14
74 24 74 35
74 37 76 40
74 60 75 65
74 68 74 79
74 85 77 87
74 88 85 88
74 99 75 104
74 116 74 127
74 129 74 140
74 141 79 142
74 143 75 148
74 149 76 152
74 162 74 173
74 188 76 191
74 196 79 197
74 201 75 206
74 208 76 211
74 216 75 221
74 222 75 227
74 244 79 245
75 0 76 5
75 24 75 35
75 59 86 59
75 68 75 79
75 80 77 83
75 84 86 84
75 89 77 92
75 98 86 98
75 107 80 108
75 116 75 127
75 128 75 139
75 140 86 140
75 162 75 173
75 174 76 179
75 182 78 184
75 213 80 214
75 239 86 239
75 246 78 248
75 249 86 249
76 6 77 11
76 15 79 17
76 24 76 35
76 41 87 41
76 48 79 50
76 53 87 53
76 58 87 58
76 60 76 71
76 72 77 77
76 78 81 79
76 99 77 104
76 106 87 106
76 111 76 122
76 123 76 134
76 135 78 138
76 143 78 146
76 147 81 148
76 155 87 155
76 157 79 159
76 160 87 160
76 162 76 173
76 192 78 195
76 198 81 199
76 201 77 206
76 216 76 227
76 234 81 235
76 237 81 238
76 243 87 243
77 0 78 5
77 18 80 20
77 22 77 33
77 34 82 35
77 37 79 40
77 47 88 47
77 56 82 57
77 60 77 71
77 94 88 94
77 111 79 114
77 115 80 117
77 118 77 129
77 130 79 133
77 134 88 134
77 139 88 139
77 149 82 150
77 151 82 152
77 162 77 173
77 174 78 179
77 188 79 191
77 208 79 211
77 216 77 227
77 229 80 231
78 6 80 9
78 10 83 11
78 13 83 14
78 21 78 32
78 33 89 33
78 60 78 71
78 72 80 75
78 80 80 83
78 85 81 87
78 89 80 92
78 99 79 104
78 109 83 110
78 118 78 129
78 162 78 173
78 201 79 206
78 216 78 227
79 0 80 5
79 21 79 32
79 42 84 43
79 54 84 55
79 60 79 71
79 76 90 76
79 95 82 97
79 118 79 129
79 135 81 138
79 143 82 145
79 146 90 146
79 162 79 173
79 174 80 179
79 182 82 184
79 186 90 186
79 187 90 187
79 192 81 195
79 200 90 200
79 216 79 227
79 236 90 236
79 240 82 242
79 246 82 248
80 15 83 17
80 21 80 32
80 36 82 39
80 40 91 40
80 48 83 50
80 52 91 52
80 60 81 65
80 66 81 71
80 93 91 93
80 99 81 104
80 111 82 114
80 118 80 129
80 130 82 133
80 141 91 141
80 142 91 142
80 157 83 159
80 161 80 172
80 173 91 173
80 188 82 191
80 197 91 197
80 201 80 212
80 216 82 219
80 220 83 222
80 223 82 226
80 227 91 227
80 244 85 245
81 0 81 9
81 18 81 29
81 30 84 32
81 72 83 75
81 80 83 83
81 89 84 91
81 92 92 92
81 107 86 108
81 115 81 126
81 127 84 129
81 161 81 172
81 174 82 179
81 180 92 180
81 201 81 212
81 213 86 214
81 229 84 231
82 0 82 9
82 18 82 29
82 51 93 51
82 60 82 71
82 77 85 79
82 85 85 87
82 99 83 104
82 115 82 126
82 135 84 138
82 147 87 148
82 153 87 154
82 156 93 156
82 161 84 164
82 165 83 170
82 171 87 172
82 192 84 195
82 198 87 199
82 201 82 212
82 232 93 232
82 233 85 235
82 237 87 238
83 0 83 9
83 12 94 12
83 18 83 29
83 34 84 39
83 46 94 46
83 56 88 57
83 60 83 71
83 95 86 97
83 111 83 122
83 123 85 126
83 130 85 133
83 143 86 145
83 149 85 152
83 174 84 179
83 182 85 185
83 188 85 191
83 201 84 206
83 207 85 210
83 211 88 212
83 215 85 218
83 219 94 219
83 223 94 223
83 224 94 224
83 225 94 225
83 226 94 226
83 228 94 228
83 240 86 242
83 246 86 248
84 0 84 11
84 13 84 24
84 25 86 28
84 29 95 29
84 45 95 45
84 48 87 50
84 60 85 65
84 66 85 71
84 72 86 75
84 80 95 80
84 81 87 83
84 99 85 104
84 105 95 105
84 109 84 120
84 121 89 122
84 157 89 158
84 159 95 159
84 165 85 170
84 181 95 181
84 220 87 222
85 0 86 5
85 6 86 11
85 13 85 24
85 30 90 31
85 34 86 39
85 42 88 44
85 54 90 55
85 89 88 91
85 109 86 114
85 115 86 120
85 127 88 129
85 135 87 138
85 161 87 164
85 174 87 177
85 178 90 179
85 192 87 195
85 201 86 206
85 229 88 231
86 13 86 24
86 60 87 65
86 66 87 71
86 77 89 79
86 85 88 88
86 99 87 104
86 123 91 124
86 130 89 132
86 133 97 133
86 149 91 150
86 151 97 151
86 152 97 152
86 165 88 168
86 169 91 170
86 182 88 185
86 188 88 191
86 207 88 210
86 215 89 217
86 218 97 218
86 233 89 235
86 244 91 245
87 0 87 11
87 13 88 18
87 19 87 28
87 32 98 32
87 34 88 39
87 59 98 59
87 72 89 75
87 84 98 84
87 95 89 98
87 107 87 118
87 119 92 120
87 126 98 126
87 143 90 145
87 201 88 206
87 213 92 214
87 239 89 242
87 246 89 249
88 0 88 11
88 19 89 24
88 25 90 28
88 41 99 41
88 48 91 50
88 53 99 53
88 60 88 71
88 81 91 83
88 99 89 104
88 106 90 109
88 110 88 118
88 125 99 125
88 135 90 138
88 140 99 140
88 147 99 147
88 148 99 148
88 153 91 155
88 160 90 163
88 164 99 164
88 171 93 172
88 174 90 177
88 192 93 193
88 194 93 195
88 198 93 199
88 220 93 221
88 222 99 222
88 237 93 238
88 243 99 243
89 0 89 11
89 13 100 13
89 14 100 14
89 15 92 17
89 18 100 18
89 34 91 37
89 39 100 39
89 42 100 42
89 47 100 47
89 56 92 58
89 60 89 71
89 85 90 90
89 91 100 91
89 110 91 113
89 114 91 117
89 118 100 118
89 127 92 129
89 134 100 134
89 139 100 139
89 165 91 168
89 182 91 185
89 188 94 189
89 190 94 191
89 201 90 206
89 207 90 212
89 229 92 231
90 0 90 11
90 19 91 24
90 33 101 33
90 60 90 71
90 72 92 75
90 77 93 79
90 94 90 104
90 121 95 122
90 130 93 132
90 157 95 158
90 196 101 196
90 216 95 217
90 233 93 235
90 239 92 242
90 246 92 249
91 0 91 11
91 25 93 28
91 30 102 30
91 31 102 31
91 54 96 55
91 60 91 71
91 76 102 76
91 85 92 90
91 94 91 104
91 106 93 109
91 135 93 138
91 143 93 146
91 160 93 163
91 174 93 177
91 178 96 179
91 186 102 186
91 187 102 187
91 200 91 211
91 212 102 212
91 215 102 215
91 236 102 236
92 0 92 11
92 19 93 24
92 34 94 37
92 38 103 38
92 40 103 40
92 43 97 44
92 48 95 50
92 52 103 52
92 60 92 71
92 81 95 83
92 93 92 104
92 110 93 115
92 116 97 117
92 123 97 124
92 141 97 142
92 149 97 150
92 153 95 155
92 165 93 170
92 182 94 185
92 197 103 197
92 200 92 211
92 227 103 227
92 244 97 245
93 0 93 11
93 15 98 16
93 17 104 17
93 56 96 58
93 60 93 71
93 72 95 75
93 85 94 90
93 92 93 103
93 104 104 104
93 119 104 119
93 127 96 129
93 180 104 180
93 200 93 211
93 213 98 214
93 229 96 231
93 239 98 240
93 241 98 242
93 246 95 249
94 0 94 11
94 19 94 28
94 51 105 51
94 60 94 71
94 77 97 79
94 92 97 94
94 95 95 100
94 101 97 103
94 106 94 115
94 130 97 132
94 135 96 138
94 143 96 146
94 160 96 163
94 165 94 176
94 177 105 177
94 192 96 195
94 198 94 209
94 210 99 211
94 220 99 221
94 232 96 235
94 237 99 238
95 0 95 11
95 12 106 12
95 19 95 28
95 34 97 37
95 46 106 46
95 60 95 71
95 85 96 90
95 106 95 115
95 165 95 176
95 182 97 185
95 188 97 191
95 198 95 209
95 219 106 219
95 223 97 226
95 228 106 228
96 0 96 11
96 19 96 29
96 45 107 45
96 48 99 50
96 60 97 65
96 66 98 69
96 70 98 73
96 74 101 75
96 80 98 83
96 95 97 100
96 105 96 115
96 120 99 122
96 153 98 156
96 157 99 159
96 165 96 176
96 181 107 181
96 198 96 209
96 216 101 217
96 246 98 249
97 0 102 1
97 2 100 4
97 5 99 8
97 9 100 11
97 19 98 24
97 25 99 28
97 29 108 29
97 54 99 57
97 58 108 58
97 85 98 90
97 105 98 110
97 111 99 114
97 115 108 115
97 127 100 129
97 135 99 138
97 143 99 146
97 160 102 161
97 162 102 163
97 165 97 176
97 178 102 179
97 192 99 195
97 198 97 209
97 229 98 234
97 235 108 235
98 34 100 37
98 43 109 43
98 44 109 44
98 60 99 65
98 77 101 79
98 92 99 97
98 98 100 101
98 102 109 102
98 103 109 103
98 116 109 116
98 123 103 124
98 130 100 133
98 141 103 142
98 149 100 152
98 165 98 176
98 182 100 185
98 188 103 189
98 190 103 191
98 198 99 203
98 204 99 209
98 218 109 218
98 223 109 223
98 224 109 224
98 225 103 226
98 244 109 244
98 245 109 245
99 15 104 16
99 19 100 24
99 32 110 32
99 59 110 59
99 66 100 71
99 72 110 72
99 73 110 73
99 80 99 90
99 105 100 110
99 126 110 126
99 153 101 156
99 165 99 176
99 213 104 214
99 229 100 234
99 239 102 241
99 246 101 249
100 5 102 8
100 25 102 28
100 41 111 41
100 48 103 50
100 53 102 56
100 57 111 57
100 60 101 65
100 80 100 90
100 92 101 97
100 111 102 114
100 117 111 117
100 120 103 122
100 125 111 125
100 135 102 138
100 140 111 140
100 143 101 148
100 157 103 159
100 164 100 175
100 176 111 176
100 192 103 194
100 195 111 195
100 198 100 209
100 210 105 211
100 220 111 220
100 222 111 222
100 237 105 238
100 242 105 243
101 2 104 4
101 9 104 11
101 13 106 14
101 18 102 23
101 24 112 24
101 34 103 37
101 39 112 39
101 42 112 42
101 66 104 68
101 69 106 70
101 71 112 71
101 80 101 91
101 98 103 101
101 105 102 110
101 127 102 132
101 134 112 134
101 149 104 151
101 152 112 152
101 164 101 175
101 182 103 185
101 198 101 209
101 229 102 234
102 33 113 33
102 60 103 65
102 74 113 74
102 75 113 75
102 77 102 88
102 89 103 94
102 95 105 97
102 143 103 148
102 153 104 156
102 164 102 175
102 196 113 196
102 198 102 209
102 216 107 217
102 221 113 221
102 246 104 249
103 0 114 0
103 1 114 1
103 5 105 8
103 18 104 23
103 25 105 28
103 30 108 31
103 53 105 56
103 76 103 87
103 88 114 88
103 105 103 114
103 127 104 132
103 133 114 133
103 135 105 138
103 160 103 171
103 172 105 175
103 179 114 179
103 186 114 186
103 198 103 209
103 212 114 212
103 215 114 215
103 229 104 234
103 236 114 236
103 239 106 241
104 34 106 37
104 38 115 38
104 40 115 40
104 47 106 50
104 52 115 52
104 60 106 63
104 64 115 64
104 65 115 65
104 76 104 87
104 89 105 94
104 98 106 101
104 105 104 114
104 120 106 123
104 124 115 124
104 139 115 139
104 141 104 148
104 157 104 168
104 170 115 170
104 171 115 171
104 182 106 185
104 187 105 192
104 193 109 194
104 197 104 208
104 209 115 209
104 225 107 227
105 2 108 4
105 9 110 10
105 11 116 11
105 15 105 23
105 66 108 68
105 76 105 87
105 104 105 114
105 119 116 119
105 127 106 132
105 141 105 151
105 153 105 164
105 165 107 168
105 180 116 180
105 197 106 202
105 203 106 208
105 213 110 214
105 229 106 234
105 246 107 249
106 5 108 8
106 15 107 20
106 21 109 23
106 25 108 28
106 51 117 51
106 53 108 56
106 76 106 87
106 89 106 97
106 104 106 114
106 135 108 138
106 141 107 146
106 147 111 148
106 149 117 149
106 150 111 151
106 153 106 164
106 169 117 169
106 172 109 174
106 177 117 177
106 187 107 192
106 211 117 211
106 237 111 238
106 242 111 243
107 12 110 14
107 34 109 37
107 46 109 49
107 50 118 50
107 60 109 63
107 69 112 70
107 76 107 87
107 89 107 100
107 101 118 101
107 104 107 114
107 118 118 118
107 120 109 123
107 127 109 130
107 131 112 132
107 153 107 164
107 178 118 178
107 182 109 185
107 197 107 208
107 210 118 210
107 219 118 219
107 228 108 233
107 239 110 241
108 15 111 17
108 18 111 20
108 45 119 45
108 76 109 81
108 82 109 87
108 89 108 100
108 104 108 114
108 141 109 146
108 153 108 164
108 165 110 168
108 175 119 175
108 181 119 181
108 187 109 192
108 197 108 208
108 216 113 217
108 225 111 227
108 246 111 248
108 249 119 249
109 2 110 7
109 8 120 8
109 25 110 30
109 31 120 31
109 53 111 56
109 58 120 58
109 66 112 68
109 89 109 100
109 104 109 115
109 135 111 138
109 153 109 164
109 197 110 202
109 203 110 208
109 228 109 235
110 21 113 23
110 34 112 37
110 43 115 44
110 46 112 49
110 60 112 63
110 76 115 77
110 78 111 83
110 84 112 87
110 89 110 100
110 102 111 107
110 108 111 113
110 114 113 116
110 120 112 123
110 127 112 130
110 141 112 144
110 145 115 146
110 153 110 164
110 172 113 174
110 182 112 185
110 187 110 194
110 223 121 223
110 224 121 224
110 228 111 233
110 234 115 235
110 244 115 245
111 2 112 7
111 9 116 10
111 12 114 14
111 25 113 28
111 29 116 30
111 32 122 32
111 59 122 59
111 72 116 73
111 89 111 100
111 126 122 126
111 153 112 158
111 159 112 164
111 165 114 167
111 168 122 168
111 187 112 192
111 193 116 194
111 197 111 208
111 213 116 214
111 218 122 218
111 239 114 241
112 15 113 20
112 53 114 56
112 57 123 57
112 78 113 83
112 89 112 100
112 102 112 113
112 117 123 117
112 125 123 125
112 135 115 137
112 138 123 138
112 140 123 140
112 147 123 147
112 148 123 148
112 150 117 151
112 176 123 176
112 195 123 195
112 197 114 200
112 201 113 206
112 207 117 208
112 220 123 220
112 222 123 222
112 225 112 233
112 237 117 238
112 242 117 243
112 246 115 248
113 2 114 7
113 24 124 24
113 34 115 37
113 39 124 39
113 41 118 42
113 46 118 47
113 48 118 49
113 60 115 63
113 66 114 71
113 84 115 87
113 89 113 100
113 102 114 107
113 108 116 110
113 111 116 113
113 120 115 123
113 127 114 132
113 134 124 134
113 141 116 143
113 144 124 144
113 152 114 157
113 158 114 163
113 164 124 164
113 182 115 185
113 187 115 190
113 191 118 192
113 225 113 233
114 15 114 23
114 25 116 28
114 33 125 33
114 74 119 75
114 78 115 83
114 89 114 100
114 114 117 116
114 172 117 174
114 196 125 196
114 201 115 206
114 216 119 217
114 221 125 221
114 225 115 230
114 231 117 233
115 0 115 7
115 12 115 23
115 53 117 56
115 66 116 71
115 88 115 99
115 100 126 100
115 102 116 107
115 127 116 132
115 133 126 133
115 152 115 163
115 165 118 167
115 179 126 179
115 197 117 200
115 212 126 212
115 236 126 236
115 239 120 240
115 241 126 241
116 0 117 5
116 6 121 7
116 12 117 17
116 18 117 23
116 34 118 37
116 38 127 38
116 40 127 40
116 43 121 44
116 52 127 52
116 60 117 65
116 76 116 87
116 88 116 99
116 120 118 123
116 124 127 124
116 135 119 137
116 139 127 139
116 145 121 146
116 152 116 163
116 170 121 171
116 182 117 187
116 188 119 190
116 201 118 204
116 205 121 206
116 209 127 209
116 215 127 215
116 225 117 230
116 234 121 235
116 244 118 247
116 248 127 248
117 9 120 11
117 25 118 30
117 66 117 73
117 76 117 87
117 88 118 93
117 94 118 99
117 102 117 113
117 119 128 119
117 127 118 132
117 141 120 143
117 152 117 163
117 180 128 180
117 193 122 194
117 213 122 214
118 0 119 5
118 12 118 23
118 51 129 51
118 53 120 56
118 60 118 71
118 76 118 87
118 102 118 113
118 114 123 115
118 116 129 116
118 149 118 160
118 161 121 163
118 172 121 174
118 177 129 177
118 182 119 187
118 197 120 200
118 207 123 208
118 211 129 211
118 225 119 230
118 231 121 233
118 237 123 238
118 242 123 243
119 12 119 23
119 25 124 26
119 27 130 27
119 28 122 30
119 34 121 37
119 41 130 41
119 42 130 42
119 46 122 48
119 49 124 50
119 60 119 71
119 72 130 72
119 76 119 87
119 88 119 99
119 101 119 112
119 113 130 113
119 118 130 118
119 120 121 123
119 127 120 132
119 149 119 160
119 165 122 167
119 178 130 178
119 191 124 192
119 201 121 204
119 210 130 210
119 219 130 219
119 244 121 247
120 0 121 5
120 12 120 23
120 45 131 45
120 60 120 71
120 73 120 84
120 85 120 96
120 97 123 99
120 101 120 112
120 135 123 137
120 149 121 154
120 155 121 160
120 175 131 175
120 181 120 190
120 216 125 217
120 225 121 230
120 249 131 249
121 8 121 19
121 20 123 23
121 31 132 31
121 53 123 56
121 58 132 58
121 60 121 71
121 73 122 78
121 79 121 90
121 91 122 96
121 101 121 112
121 127 123 130
121 131 132 131
121 132 132 132
121 141 124 143
121 181 122 186
121 187 126 188
121 189 126 190
121 197 123 200
121 239 126 240
122 0 125 2
122 3 125 5
122 6 122 17
122 18 127 19
122 34 124 37
122 43 127 44
122 60 122 71
122 79 122 90
122 101 122 112
122 120 124 123
122 145 127 146
122 149 122 160
122 161 125 163
122 169 123 174
122 201 123 206
122 223 122 234
122 235 133 235
122 244 124 247
123 6 123 17
123 28 126 30
123 32 134 32
123 46 128 47
123 48 134 48
123 59 123 70
123 71 134 71
123 73 124 78
123 79 124 84
123 85 123 96
123 101 123 112
123 126 134 126
123 149 123 160
123 165 125 168
123 181 124 186
123 193 128 194
123 213 128 214
123 218 134 218
123 223 123 234
124 6 125 11
124 12 125 17
124 20 127 22
124 23 135 23
124 53 126 56
124 57 135 57
124 59 124 70
124 85 124 96
124 97 129 98
124 99 135 99
124 101 124 112
124 114 129 115
124 117 135 117
124 125 135 125
124 127 135 127
124 128 127 130
124 135 126 138
124 140 135 140
124 147 124 158
124 159 129 160
124 169 126 172
124 173 129 174
124 176 135 176
124 195 135 195
124 197 124 208
124 220 135 220
124 222 124 233
124 234 135 234
124 237 129 238
124 242 129 243
125 24 136 24
125 25 136 25
125 26 136 26
125 34 127 37
125 39 136 39
125 49 130 50
125 59 126 64
125 65 126 70
125 73 125 84
125 85 127 88
125 89 126 94
125 95 130 96
125 101 126 106
125 107 126 112
125 120 127 123
125 134 136 134
125 141 127 144
125 147 125 158
125 181 126 186
125 191 130 192
125 197 125 208
125 222 125 233
125 244 127 247
126 0 127 5
126 6 126 17
126 73 126 84
126 147 126 158
126 161 127 166
126 167 131 168
126 196 126 207
126 208 137 208
126 216 131 217
126 221 126 232
126 233 137 233
127 6 127 17
127 28 130 30
127 53 129 56
127 59 127 70
127 73 127 84
127 89 128 94
127 100 127 111
127 112 138 112
127 133 138 133
127 135 129 138
127 147 127 158
127 169 129 172
127 179 138 179
127 181 127 190
127 196 127 207
127 212 138 212
127 221 127 232
127 236 138 236
127 239 130 241
128 0 128 11
128 12 128 22
128 33 129 38
128 43 133 44
128 52 139 52
128 59 129 64
128 65 129 70
128 73 128 84
128 85 130 88
128 100 128 111
128 120 130 123
128 124 139 124
128 128 131 130
128 139 139 139
128 141 128 152
128 153 129 158
128 161 129 166
128 181 128 190
128 196 128 207
128 209 139 209
128 215 139 215
128 221 128 232
128 244 130 247
128 248 139 248
129 0 130 5
129 6 129 17
129 18 131 21
129 22 140 22
129 46 134 47
129 73 140 73
129 74 134 75
129 76 130 81
129 82 132 84
129 89 130 94
129 100 129 111
129 119 140 119
129 141 129 152
129 180 129 190
129 193 134 194
129 196 129 207
129 213 134 214
129 221 129 232
130 6 130 17
130 33 131 38
130 40 141 40
130 51 141 51
130 53 132 56
130 59 130 70
130 97 135 98
130 100 130 111
130 114 141 114
130 116 141 116
130 135 132 138
130 141 130 152
130 153 130 164
130 165 141 165
130 166 141 166
130 169 131 174
130 177 141 177
130 180 130 190
130 196 130 207
130 211 141 211
130 221 130 232
130 237 135 238
130 243 141 243
131 0 131 11
131 12 133 15
131 16 136 17
131 27 133 30
131 41 136 42
131 49 136 50
131 59 131 70
131 72 142 72
131 76 132 81
131 85 131 96
131 100 131 111
131 113 142 113
131 118 142 118
131 120 133 123
131 141 131 152
131 153 131 164
131 178 142 178
131 180 131 191
131 192 142 192
131 196 131 207
131 210 142 210
131 219 142 219
131 221 131 232
131 239 133 242
131 244 133 247
132 0 132 11
132 18 134 21
132 33 133 38
132 45 143 45
132 59 132 70
132 85 132 96
132 100 132 111
132 128 135 130
132 141 132 152
132 153 132 164
132 167 133 172
132 173 135 175
132 180 132 191
132 196 132 207
132 216 143 216
132 217 143 217
132 221 132 232
132 249 143 249
133 0 134 5
133 6 134 11
133 31 144 31
133 53 138 54
133 55 138 56
133 58 134 63
133 64 134 69
133 70 144 70
133 76 135 79
133 80 144 80
133 81 134 86
133 87 133 96
133 100 133 111
133 115 144 115
133 131 138 132
133 135 135 138
133 141 133 152
133 153 134 158
133 159 134 164
133 180 133 191
133 196 133 207
133 221 133 232
134 12 136 15
134 27 136 30
134 33 136 36
134 37 139 38
134 43 139 44
134 87 134 96
134 100 134 111
134 120 136 123
134 141 137 143
134 144 135 149
134 150 137 152
134 167 139 168
134 169 145 169
134 170 139 171
134 172 145 172
134 180 135 185
134 186 136 189
134 190 139 191
134 196 134 207
134 221 134 232
134 235 145 235
134 239 136 242
134 244 136 247
135 0 135 11
135 18 137 21
135 46 146 46
135 47 140 48
135 58 135 69
135 71 146 71
135 74 140 75
135 81 135 92
135 93 140 94
135 95 140 96
135 100 135 111
135 126 146 126
135 153 135 164
135 193 140 194
135 196 135 207
135 213 140 214
135 218 146 218
135 221 135 232
136 0 136 11
136 57 136 68
136 69 147 69
136 76 138 79
136 81 136 92
136 97 136 108
136 109 147 109
136 110 141 111
136 117 147 117
136 125 147 125
136 127 141 128
136 129 141 130
136 135 138 138
136 140 147 140
136 144 137 149
136 153 136 164
136 173 138 176
136 180 141 181
136 182 138 185
136 195 136 206
136 220 136 231
136 232 147 232
136 234 147 234
136 238 147 238
137 0 137 11
137 12 138 17
137 23 138 28
137 29 142 30
137 33 140 35
137 36 148 36
137 39 148 39
137 41 142 42
137 49 142 50
137 57 137 68
137 81 137 92
137 97 137 108
137 120 140 122
137 123 148 123
137 134 148 134
137 153 137 164
137 186 139 189
137 195 137 206
137 220 137 231
137 239 139 242
137 244 142 245
137 246 142 247
138 0 138 11
138 18 140 21
138 32 149 32
138 57 139 62
138 63 139 68
138 81 138 92
138 97 149 97
138 98 143 99
138 100 141 102
138 103 139 108
138 141 139 146
138 147 141 149
138 150 138 161
138 162 141 164
138 195 139 200
138 201 139 206
138 207 143 208
138 220 138 231
138 233 149 233
138 237 149 237
139 0 139 11
139 12 140 17
139 23 140 28
139 53 141 56
139 76 141 79
139 81 139 92
139 112 150 112
139 131 142 133
139 135 141 138
139 150 139 161
139 173 141 176
139 179 150 179
139 182 141 185
139 212 150 212
139 220 140 225
139 226 140 231
139 236 150 236
140 0 140 11
140 37 145 38
140 43 145 44
140 52 151 52
140 57 140 68
140 81 140 92
140 103 141 108
140 124 151 124
140 139 151 139
140 141 141 146
140 150 140 161
140 167 145 168
140 170 145 171
140 186 141 191
140 195 140 206
140 209 151 209
140 215 151 215
140 239 142 242
140 248 151 248
141 0 141 11
141 12 141 23
141 24 143 27
141 33 144 35
141 47 146 48
141 57 141 68
141 73 144 75
141 81 141 92
141 93 143 96
141 119 143 122
141 150 141 161
141 193 141 204
141 205 146 206
141 213 146 214
141 220 141 231
142 0 142 11
142 12 142 23
142 40 153 40
142 51 153 51
142 53 142 64
142 65 144 68
142 76 144 79
142 81 142 92
142 100 142 108
142 111 153 111
142 114 153 114
142 116 153 116
142 127 144 130
142 135 144 138
142 141 142 152
142 153 142 164
142 165 147 166
142 173 144 176
142 177 153 177
142 180 144 183
142 184 143 189
142 190 147 191
142 193 142 204
142 211 153 211
142 220 142 231
143 0 143 11
143 12 143 23
143 28 146 30
143 41 148 42
143 49 148 50
143 53 143 64
143 72 154 72
143 81 143 92
143 100 143 108
143 113 154 113
143 118 154 118
143 131 146 133
143 141 143 152
143 153 143 164
143 178 154 178
143 192 143 203
143 210 154 210
143 219 143 230
143 239 144 244
143 245 146 247
144 0 144 11
144 12 144 23
144 24 146 27
144 45 155 45
144 53 144 64
144 81 146 84
144 85 145 90
144 91 155 91
144 92 155 92
144 93 146 96
144 98 145 103
144 104 146 107
144 108 155 108
144 119 146 122
144 141 144 152
144 153 144 164
144 184 145 189
144 192 145 197
144 198 145 203
144 207 149 208
144 216 149 217
144 219 144 230
144 249 155 249
145 0 145 11
145 12 146 17
145 18 147 21
145 22 150 23
145 31 156 31
145 33 148 35
145 53 145 64
145 65 147 68
145 70 156 70
145 73 145 80
145 127 147 130
145 135 147 138
145 141 145 152
145 153 146 158
145 159 146 164
145 173 147 176
145 180 147 183
145 204 156 204
145 219 145 230
145 239 146 244
146 0 146 11
146 37 151 38
146 43 151 44
146 53 146 64
146 73 146 80
146 85 147 90
146 98 147 103
146 141 146 152
146 167 149 169
146 170 149 172
146 184 147 189
146 192 146 203
146 219 146 230
146 235 157 235
147 0 147 11
147 12 148 17
147 24 148 29
147 30 158 30
147 46 150 48
147 53 147 64
147 71 158 71
147 73 152 74
147 75 152 76
147 77 149 80
147 81 149 84
147 93 149 96
147 104 149 107
147 115 158 115
147 119 149 122
147 126 158 126
147 131 150 133
147 141 147 152
147 153 147 164
147 192 147 203
147 206 158 206
147 213 152 214
147 218 148 223
147 224 148 229
147 230 152 231
147 239 149 242
147 243 158 243
147 245 150 247
148 0 148 11
148 18 150 21
148 53 148 64
148 65 150 68
148 69 159 69
148 85 151 87
148 88 151 90
148 98 149 103
148 109 159 109
148 110 159 110
148 117 159 117
148 125 159 125
148 127 150 130
148 135 150 138
148 140 148 151
148 152 148 163
148 164 151 166
148 173 150 176
148 180 148 191
148 192 148 203
148 205 159 205
148 232 159 232
148 234 159 234
148 238 159 238
149 0 149 11
149 12 150 17
149 24 150 29
149 33 151 36
149 39 160 39
149 41 154 42
149 49 154 50
149 53 150 58
149 59 150 64
149 123 160 123
149 134 160 134
149 140 149 151
149 152 149 163
149 180 149 191
149 192 149 203
149 218 149 229
150 0 151 5
150 6 151 11
150 32 161 32
150 77 151 82
150 83 155 84
150 93 150 104
150 105 155 106
150 107 161 107
150 119 152 122
150 140 151 145
150 146 150 157
150 158 151 163
150 167 151 172
150 180 151 185
150 186 152 189
150 190 150 201
150 202 155 203
150 207 155 208
150 216 150 227
150 228 155 229
150 233 161 233
150 237 161 237
150 239 152 242
150 244 161 244
151 12 152 17
151 18 151 29
151 46 154 48
151 53 152 58
151 59 151 68
151 93 151 104
151 112 162 112
151 127 152 132
151 133 162 133
151 135 153 138
151 146 151 157
151 173 153 176
151 179 162 179
151 190 151 201
151 212 162 212
151 216 151 227
151 236 162 236
151 245 154 247
152 0 152 11
152 18 153 23
152 24 154 27
152 28 157 29
152 33 153 38
152 43 157 44
152 52 163 52
152 59 152 68
152 77 153 82
152 85 153 90
152 93 153 98
152 99 155 101
152 102 157 103
152 104 163 104
152 124 163 124
152 139 152 150
152 151 154 154
152 155 154 158
152 159 152 170
152 171 157 172
152 180 153 185
152 190 152 201
152 209 163 209
152 215 152 226
152 227 163 227
152 248 163 248
153 0 153 11
153 12 154 17
153 53 153 64
153 65 155 68
153 73 156 75
153 76 164 76
153 119 155 122
153 127 154 132
153 139 153 150
153 159 153 170
153 186 153 197
153 198 155 201
153 213 153 224
153 225 158 226
153 230 158 231
153 239 155 242
154 0 154 11
154 18 156 21
154 22 159 23
154 33 159 34
154 35 159 36
154 37 159 38
154 40 165 40
154 51 165 51
154 53 154 64
154 77 155 82
154 85 155 90
154 93 155 98
154 111 165 111
154 114 165 114
154 116 165 116
154 135 154 146
154 147 156 150
154 159 154 170
154 173 156 176
154 177 165 177
154 180 154 191
154 192 155 197
154 211 165 211
154 213 154 224
155 0 156 5
155 6 155 17
155 24 157 27
155 41 166 41
155 46 158 48
155 49 160 50
155 53 155 64
155 72 166 72
155 113 166 113
155 127 156 132
155 135 155 146
155 151 155 162
155 163 156 168
155 169 160 170
155 178 166 178
155 180 155 191
155 210 166 210
155 213 155 224
155 245 158 247
156 6 156 17
156 45 167 45
156 53 156 64
156 65 158 68
156 77 156 88
156 89 156 100
156 101 167 101
156 106 167 106
156 108 167 108
156 118 158 121
156 122 167 122
156 135 156 146
156 151 157 156
156 157 157 162
156 180 156 191
156 192 156 203
156 207 161 208
156 213 161 214
156 215 157 220
156 221 158 224
156 228 161 229
156 239 158 242
156 249 167 249
157 0 157 11
157 12 157 21
157 31 168 31
157 53 158 58
157 59 160 61
157 62 160 64
157 73 162 74
157 75 168 75
157 77 157 88
157 89 157 100
157 127 159 130
157 131 162 132
157 135 157 146
157 147 159 150
157 163 158 168
157 173 159 176
157 180 157 191
157 192 158 197
157 198 158 203
157 204 168 204
158 0 158 11
158 12 158 21
158 24 159 29
158 42 161 44
158 77 158 88
158 89 158 100
158 102 169 102
158 103 169 103
158 135 158 146
158 151 158 162
158 171 163 172
158 180 158 191
158 215 159 220
158 235 169 235
159 0 162 2
159 3 159 14
159 15 161 18
159 19 162 21
159 30 170 30
159 46 164 47
159 53 160 58
159 65 161 68
159 71 170 71
159 77 159 88
159 89 159 100
159 105 170 105
159 115 170 115
159 118 161 121
159 126 170 126
159 135 159 146
159 151 159 162
159 163 160 168
159 180 161 183
159 184 161 187
159 188 160 193
159 194 159 203
159 221 160 226
159 230 164 231
159 239 161 242
159 243 170 243
159 245 164 246
159 247 170 247
160 3 160 14
160 22 160 29
160 33 161 38
160 48 171 48
160 69 165 70
160 77 160 88
160 89 160 100
160 109 165 110
160 117 171 117
160 127 162 130
160 135 160 146
160 147 160 158
160 159 162 162
160 173 162 176
160 194 161 199
160 201 163 203
160 205 165 206
160 215 161 220
160 232 171 232
160 234 171 234
160 238 171 238
161 3 161 14
161 22 163 25
161 26 163 29
161 39 172 39
161 49 166 50
161 53 161 64
161 77 162 82
161 83 161 94
161 95 162 100
161 134 161 145
161 146 161 157
161 158 172 158
161 163 163 166
161 167 163 170
161 188 163 191
161 192 166 193
161 200 172 200
161 221 162 226
162 3 162 14
162 15 164 18
162 32 163 37
162 38 173 38
162 42 173 42
162 44 173 44
162 53 162 64
162 65 164 68
162 83 162 94
162 107 173 107
162 118 164 121
162 125 173 125
162 134 162 145
162 146 162 157
162 180 163 185
162 186 167 187
162 194 163 199
162 207 167 208
162 213 163 218
162 219 167 220
162 228 167 229
162 237 173 237
162 239 164 242
162 244 173 244
163 0 163 11
163 12 166 14
163 19 166 21
163 43 174 43
163 53 163 64
163 73 168 74
163 77 163 88
163 89 163 100
163 112 174 112
163 127 163 138
163 139 163 150
163 151 164 156
163 157 174 157
163 159 165 162
163 173 165 176
163 179 174 179
163 221 164 226
163 236 174 236
164 0 165 5
164 6 167 8
164 9 167 11
164 22 164 29
164 32 165 37
164 52 164 63
164 64 175 64
164 77 164 88
164 89 164 100
164 104 175 104
164 123 169 124
164 127 164 138
164 139 164 150
164 163 164 172
164 180 165 185
164 188 166 191
164 194 165 199
164 201 169 202
164 203 175 203
164 209 175 209
164 212 165 217
164 218 175 218
164 227 175 227
164 248 175 248
165 15 167 18
165 22 165 29
165 46 176 46
165 47 176 47
165 52 165 63
165 65 167 68
165 76 166 81
165 82 166 87
165 88 166 93
165 94 166 99
165 100 176 100
165 118 167 121
165 127 165 138
165 139 165 150
165 151 166 156
165 163 167 166
165 167 166 172
165 221 166 226
165 230 170 231
165 233 176 233
165 239 167 242
165 245 170 246
166 0 167 5
166 22 167 27
166 28 171 29
166 32 168 35
166 36 171 37
166 40 177 40
166 51 166 62
166 69 171 70
166 109 169 111
166 114 177 114
166 116 177 116
166 127 166 138
166 139 167 144
166 145 167 150
166 159 168 162
166 173 168 176
166 177 177 177
166 180 167 185
166 194 167 199
166 205 171 206
166 211 167 216
166 217 177 217
167 12 172 13
167 19 170 21
167 49 167 60
167 61 170 63
167 72 178 72
167 76 167 87
167 88 167 99
167 113 178 113
167 127 167 138
167 151 168 156
167 167 172 168
167 169 170 171
167 188 168 193
167 221 168 226
168 0 168 11
168 14 171 16
168 17 173 18
168 22 169 27
168 45 179 45
168 49 169 54
168 55 169 60
168 65 170 68
168 76 168 87
168 88 168 99
168 101 179 101
168 106 179 106
168 108 179 108
168 118 170 121
168 127 169 132
168 133 168 144
168 145 169 150
168 163 170 166
168 178 179 178
168 180 179 180
168 181 169 186
168 187 179 187
168 194 170 197
168 198 173 199
168 207 173 208
168 210 169 215
168 216 179 216
168 219 173 220
168 228 173 229
168 239 170 242
168 249 179 249
169 0 169 11
169 31 171 34
169 35 180 35
169 41 180 41
169 73 169 84
169 85 174 86
169 87 170 92
169 93 170 98
169 99 180 99
169 133 169 144
169 151 170 156
169 159 172 161
169 162 180 162
169 172 171 175
169 176 180 176
169 188 170 193
169 204 180 204
169 221 171 224
169 225 174 226
170 0 170 11
170 22 171 27
170 49 170 60
170 73 170 84
170 102 175 103
170 109 173 111
170 122 173 124
170 127 170 138
170 139 170 150
170 181 171 186
170 201 175 202
170 210 171 215
170 235 181 235
171 0 171 11
171 19 182 19
171 20 176 21
171 30 182 30
171 49 171 60
171 61 174 63
171 65 173 68
171 71 182 71
171 73 171 84
171 87 171 98
171 105 182 105
171 115 182 115
171 118 173 121
171 126 171 137
171 138 171 149
171 150 172 155
171 156 182 156
171 163 176 164
171 165 176 166
171 169 174 171
171 188 171 197
171 230 176 231
171 239 173 242
171 243 182 243
171 245 176 246
171 247 182 247
172 0 172 11
172 14 175 16
172 22 173 27
172 28 177 29
172 31 175 33
172 34 183 34
172 36 177 37
172 48 172 59
172 60 183 60
172 69 177 70
172 73 172 84
172 87 172 98
172 117 183 117
172 126 172 137
172 138 172 149
172 172 174 175
172 181 174 184
172 185 183 185
172 186 183 186
172 188 172 197
172 205 177 206
172 210 173 215
172 221 175 223
172 224 183 224
172 232 183 232
172 234 183 234
172 238 183 238
173 0 173 11
173 12 178 13
173 39 184 39
173 48 173 59
173 73 173 84
173 87 173 98
173 126 173 137
173 138 173 149
173 150 174 155
173 158 175 161
173 167 178 168
173 188 174 193
173 194 175 197
173 200 184 200
174 0 174 11
174 17 179 18
174 22 175 27
174 38 185 38
174 42 185 42
174 44 185 44
174 48 174 59
174 65 176 68
174 73 174 84
174 87 174 98
174 107 185 107
174 109 177 111
174 118 174 129
174 130 174 141
174 142 175 147
174 148 179 149
174 198 179 199
174 207 179 208
174 210 175 215
174 219 179 220
174 228 185 228
174 229 185 229
174 237 185 237
174 239 176 242
175 0 175 11
175 43 186 43
175 48 175 59
175 61 178 63
175 73 175 84
175 85 186 85
175 86 186 86
175 87 178 89
175 90 177 93
175 94 177 97
175 98 186 98
175 118 175 129
175 130 175 141
175 150 176 155
175 157 186 157
175 169 176 174
175 179 186 179
175 181 177 184
175 188 176 193
175 225 180 226
175 236 186 236
176 0 176 11
176 14 179 16
176 22 177 27
176 31 179 33
176 48 176 59
176 64 187 64
176 73 176 84
176 102 179 104
176 118 176 129
176 130 176 141
176 142 178 145
176 146 181 147
176 158 178 161
176 194 178 197
176 201 187 201
176 202 187 202
176 209 177 214
176 215 187 215
176 218 187 218
176 221 179 223
176 248 187 248
177 0 177 11
177 20 182 21
177 46 177 57
177 58 182 59
177 65 179 68
177 73 177 84
177 100 188 100
177 112 188 112
177 118 177 129
177 130 177 141
177 150 180 152
177 154 182 155
177 163 179 166
177 169 179 172
177 173 180 175
177 188 178 193
177 203 188 203
177 227 188 227
177 230 182 231
177 233 188 233
177 239 179 242
177 245 182 246
178 0 178 11
178 22 178 29
178 36 183 37
178 40 189 40
178 46 178 57
178 69 189 69
178 73 178 84
178 90 179 95
178 96 183 97
178 109 189 109
178 110 189 110
178 111 189 111
178 114 189 114
178 116 189 116
178 118 178 129
178 130 178 141
178 153 189 153
178 177 189 177
178 181 180 184
178 205 183 206
178 209 179 214
178 217 189 217
179 0 179 11
179 12 184 13
179 22 180 27
179 28 184 29
179 46 179 57
179 61 182 63
179 72 179 83
179 84 190 84
179 87 182 89
179 113 190 113
179 118 179 129
179 130 179 141
179 142 181 145
179 158 181 161
179 167 184 168
179 188 179 197
180 0 180 11
180 14 183 16
180 17 185 18
180 31 183 33
180 45 180 56
180 57 191 57
180 65 182 68
180 72 180 83
180 90 181 95
180 101 185 102
180 103 185 104
180 106 191 106
180 108 191 108
180 118 180 129
180 130 181 135
180 136 181 141
180 148 191 148
180 163 182 166
180 169 182 172
180 178 191 178
180 180 191 180
180 187 180 198
180 199 191 199
180 207 181 212
180 213 185 214
180 216 191 216
180 219 182 222
180 223 191 223
180 239 182 242
180 249 191 249
181 0 181 11
181 22 182 27
181 35 192 35
181 41 192 41
181 45 181 56
181 72 181 83
181 99 192 99
181 118 181 129
181 149 183 152
181 162 192 162
181 173 192 173
181 174 192 174
181 176 192 176
181 181 183 184
181 187 181 198
181 204 192 204
181 244 192 244
182 0 182 11
182 45 187 46
182 48 187 49
182 50 193 50
182 51 185 53
182 54 185 56
182 72 182 83
182 90 183 95
182 118 183 123
182 124 184 127
182 128 182 139
182 140 183 145
182 146 187 147
182 158 184 161
182 175 193 175
182 187 182 198
182 207 183 212
183 0 183 11
183 19 183 27
183 30 194 30
183 58 194 58
183 61 186 63
183 65 186 67
183 70 183 81
183 82 188 83
183 87 186 89
183 105 194 105
183 115 194 115
183 128 185 131
183 132 184 137
183 138 188 139
183 154 186 156
183 163 185 166
183 169 185 172
183 187 183 198
183 219 185 222
183 230 188 231
183 239 185 242
183 243 194 243
183 245 186 247
184 0 185 5
184 6 189 7
184 8 186 11
184 14 187 16
184 19 186 22
184 23 189 24
184 25 195 25
184 26 189 27
184 31 186 34
184 36 189 37
184 59 189 60
184 70 185 75
184 76 185 81
184 90 185 95
184 96 189 97
184 117 185 122
184 123 195 123
184 140 185 145
184 149 186 152
184 181 184 192
184 193 185 198
184 205 185 210
184 211 189 212
184 224 189 225
184 232 195 232
184 234 189 235
184 238 195 238
185 12 190 13
185 28 190 29
185 39 196 39
185 47 196 47
185 124 187 127
185 132 186 137
185 158 187 161
185 167 190 168
185 181 185 192
185 200 196 200
185 226 196 226
186 0 187 5
186 17 191 18
186 42 197 42
186 44 197 44
186 51 187 56
186 70 186 81
186 90 187 95
186 101 188 104
186 107 197 107
186 117 189 119
186 120 189 122
186 128 188 131
186 140 187 145
186 163 188 166
186 169 191 170
186 171 197 171
186 172 197 172
186 181 187 186
186 187 186 198
186 205 187 210
186 213 197 213
186 214 197 214
186 219 188 222
186 228 191 229
186 237 197 237
186 239 188 242
187 8 189 11
187 19 189 22
187 31 189 34
187 43 198 43
187 61 190 63
187 65 189 68
187 70 187 81
187 85 189 88
187 89 198 89
187 132 188 137
187 149 189 152
187 154 189 157
187 179 198 179
187 187 188 192
187 193 188 198
187 236 198 236
187 245 190 247
188 0 189 5
188 14 191 16
188 45 199 45
188 46 199 46
188 48 193 49
188 51 189 56
188 64 199 64
188 70 188 81
188 90 189 95
188 124 190 127
188 140 189 145
188 146 193 147
188 158 190 161
188 181 189 186
188 201 193 202
188 205 189 210
188 215 199 215
188 248 199 248
189 70 189 81
189 82 194 83
189 100 191 103
189 112 199 112
189 128 189 139
189 163 192 165
189 187 189 198
189 203 199 203
189 218 191 221
189 230 194 231
189 233 199 233
189 239 191 242
190 0 190 11
190 19 191 24
190 26 195 27
190 31 192 34
190 37 199 37
190 40 199 40
190 51 191 56
190 59 195 60
190 65 190 76
190 77 192 80
190 81 199 81
190 85 195 86
190 87 195 88
190 90 191 95
190 96 193 98
190 109 195 110
190 116 191 121
190 122 199 122
190 128 190 139
190 140 191 145
190 149 191 154
190 155 193 157
190 177 199 177
190 181 190 192
190 193 191 198
190 205 191 210
190 211 195 212
190 217 199 217
190 224 195 225
190 234 195 235
191 0 191 11
191 12 196 13
191 28 196 29
191 61 194 63
191 65 192 70
191 71 194 73
191 75 196 76
191 113 196 114
191 124 191 135
191 136 193 139
191 158 193 161
191 167 196 168
191 181 192 186
191 187 192 192
191 245 194 247
192 0 192 11
192 14 192 24
192 51 193 56
192 90 193 95
192 100 194 103
192 116 193 121
192 124 192 135
192 140 193 145
192 148 193 153
192 154 199 154
192 169 197 170
192 178 199 178
192 180 199 180
192 193 193 198
192 205 193 210
192 216 199 216
192 218 193 223
192 227 195 229
192 239 194 242
193 0 193 11
193 14 194 19
193 20 195 23
193 31 194 36
193 65 194 70
193 77 195 80
193 124 193 135
193 163 195 166
193 173 198 174
193 181 194 186
193 187 194 192
194 0 194 11
194 48 194 57
194 90 194 99
194 116 195 121
194 124 194 135
194 136 194 147
194 148 196 151
194 152 199 153
194 155 195 160
194 161 199 162
194 175 199 176
194 193 195 198
194 201 199 202
194 204 195 209
194 218 195 223
195 0 195 11
195 14 198 16
195 30 196 35
195 48 195 58
195 61 198 63
195 65 195 74
195 90 196 95
195 99 196 104
195 124 195 135
195 136 195 147
195 181 195 192
195 239 195 247
196 0 197 5
196 6 197 11
196 17 196 27
196 48 196 59
196 65 196 74
196 77 198 80
196 82 197 87
196 108 198 111
196 115 199 117
196 118 198 121
196 123 196 134
196 135 197 140
196 141 197 146
196 155 198 158
196 163 198 166
196 181 196 192
196 193 197 198
196 205 199 207
196 209 198 212
196 218 197 223
196 227 197 232
196 238 196 247
197 17 197 28
197 29 198 34
197 47 197 58
197 65 198 70
197 71 198 76
197 90 197 101
197 102 199 105
197 123 197 134
197 147 199 150
197 181 197 192
197 238 197 247
198 0 198 11
198 21 199 26
198 47 199 52
198 53 199 58
198 82 199 87
198 90 198 101
198 123 198 134
198 135 198 146
198 181 198 192
198 193 198 200
198 218 198 229
198 237 198 247
199 2 199 13
199 65 199 76
199 88 199 99
199 123 199 134
199 135 199 146
199 163 199 174
199 186 199 197
199 218 199 229
199 234 199 245
