TaxiBolaget/pass140917.txt

      DATUM     PASSNR      VVLEG     TAXINR     INKÖRT   KREDITER     UTLÄGG ATT REDOVI EJ LÖNEGRU        BUD PERSONTRSP
 2014-09-01       2252     581663        137    3501,00    2989,00       0,00     512,00       0,00       0,00    3501,00
 2014-09-01       2253     758371        137    1475,00    1325,00       0,00     150,00       0,00       0,00    1475,00
 2014-09-02       2254     581663        137    2814,00    2577,00       0,00     237,00       0,00       0,00    2814,00
 2014-09-03       2255     581663        137    1663,00    1663,00       0,00       0,00      19,82       0,00    1663,00
 2014-09-04       2256     758371        137    3030,00    2824,00       0,00     206,00      19,82       0,00    3030,00
 2014-09-05       2257     581663        137    2980,00    2057,00       0,00     923,00       0,00       0,00    2980,00
 2014-09-05       2258     758371        137    4921,00    4724,00       0,00     197,00       0,00       0,00    4921,00
 2014-09-06       2259     581663        137    4069,00    3178,00       0,00     891,00      19,82       0,00    4069,00
 2014-09-06       2260     758371        137    4712,00    4285,00       0,00     427,00      25,48       0,00    4712,00
 2014-09-07       2261     581663        137    3612,00    3612,00       0,00       0,00       0,00       0,00    3612,00
 2014-09-07       2262     758371        137    3404,00    3154,00       0,00     250,00       0,00       0,00    3404,00
 2014-09-08       2263     581663        137    3300,00    3300,00       0,00       0,00      19,82       0,00    3300,00
 2014-09-09       2264     581663        137    2674,00    2441,00       0,00     233,00      19,82       0,00    2674,00
 2014-09-09       2265     511430        137    2042,00    1766,00       0,00     276,00       0,00       0,00    2042,00
 2014-09-10       2266     581663        137    3052,00    3052,00       0,00       0,00      25,48       0,00    3052,00
 2014-09-10       2267     511430        137     905,00     927,00       0,00     -22,00       0,00       0,00     905,00
 2014-09-11       2268     581663        137    3577,00    3228,00       0,00     349,00      59,46       0,00    3577,00
 2014-09-11       2269     511430        137    1707,00    1569,00       0,00     138,00       0,00       0,00    1707,00
 2014-09-12       2270     581663        137    2568,00    2588,00       0,00     -20,00       0,00       0,00    2568,00
 2014-09-12       2271     511430        137    1345,00     972,00       0,00     373,00       0,00       0,00    1345,00
 2014-09-13       2272     581663        137    2346,00    2346,00       0,00       0,00       0,00       0,00    2346,00
 2014-09-13       2273     511430        137    4808,00    4183,00       0,00     625,00       0,00       0,00    4808,00
 2014-09-14       2274     581663        137    2219,00    2076,00       0,00     143,00       0,00       0,00    2219,00
 2014-09-14       2275     511430        137    4978,00    4560,00       0,00     418,00      40,57     361,00    4617,00
 2014-09-15       2276     581663        137    3333,00    3013,00       0,00     320,00       0,00       0,00    3333,00
 2014-09-01       1835     880988        577    3752,00    3771,00       0,00     -19,00      75,48       0,00    3752,00
 2014-09-02       1836     880988        577    2465,00    2465,00       0,00       0,00       0,00       0,00    2465,00
 2014-09-02       1837     565010        577    3621,00    3405,00       0,00     216,00      19,82       0,00    3621,00
 2014-09-03       1838     880988        577    2861,00    2613,00       0,00     248,00       0,00       0,00    2861,00
 2014-09-03       1839     565010        577    4987,00    4135,00       0,00     852,00      19,82       0,00    4987,00
 2014-09-04       1840     880988        577    4294,00    3641,00       0,00     653,00       0,00       0,00    4294,00
 2014-09-04       1841     565010        577    4402,00    3490,00       0,00     912,00       0,00       0,00    4402,00
 2014-09-05       1842     880988        577    5296,00    4516,00       0,00     780,00      19,82       0,00    5296,00
 2014-09-05       1843     565010        577    1404,00    1415,00       0,00     -11,00       0,00       0,00    1404,00
 2014-09-05       1844     565010        577    4027,00    3783,00       0,00     244,00       0,00       0,00    4027,00
 2014-09-06       1845     565010        577    1815,00    1547,00       0,00     268,00      25,48       0,00    1815,00
 2014-09-06       1846     565010        577    6973,00    4914,00       0,00    2059,00       0,00       0,00    6973,00
 2014-09-09       1847     880988        577    2992,00    2219,00       0,00     773,00      39,64       0,00    2992,00
 2014-09-09       1848     565010        577    2667,00    2418,00       0,00     249,00      19,82       0,00    2667,00
 2014-09-10       1849     565010        577    3495,00    3447,00       0,00      48,00      50,96       0,00    3495,00
 2014-09-11       1850     880988        577    3928,00    3379,00       0,00     549,00     115,12       0,00    3928,00
 2014-09-11       1851     565010        577    3874,00    3849,00       0,00      25,00      45,30       0,00    3874,00
 2014-09-12       1852     880988        577    4225,00    3852,00       0,00     373,00      23,59       0,00    4225,00
 2014-09-12       1853     565010        577     742,00     742,00       0,00       0,00       0,00       0,00     742,00
 2014-09-12       1854     565010        577    3392,00    2704,00       0,00     688,00       0,00       0,00    3392,00
 2014-09-13       1855     565010        577    2381,00    1921,00       0,00     460,00      23,59       0,00    2381,00
 2014-09-13       1856     565010        577    4146,00    3026,00       0,00    1120,00       0,00       0,00    4146,00
 2014-09-14       1857     880988        577    5388,00    4533,00       0,00     855,00      19,82       0,00    5388,00
 2014-09-15       1858     880988        577    2218,00    2268,00       0,00     -50,00      19,82       0,00    2218,00
 2014-09-15       1859     880988        577    1848,00    1848,00       0,00       0,00      75,48       0,00    1848,00
 2014-09-01        773     752971        606    3475,00    3505,00       0,00     -30,00       0,00       0,00    3475,00
 2014-09-02        774     752971        606    3339,00    3339,00       0,00       0,00      23,59       0,00    3339,00
 2014-09-02        775     663951        606    1888,00    1941,00       0,00     -53,00       0,00       0,00    1888,00
 2014-09-03        776     999003        606       0,00       0,00       0,00       0,00       0,00       0,00       0,00
 2014-09-03        777     999003        606       0,00       0,00       0,00       0,00       0,00       0,00       0,00
 2014-09-03        778     663951        606    1986,00    1986,00       0,00       0,00      25,48       0,00    1986,00
 2014-09-04        779     752971        606    1797,00    1810,00       0,00     -13,00       0,00       0,00    1797,00
 2014-09-04        780     663951        606    3942,00    4095,00       0,00    -153,00      19,82       0,00    3942,00
 2014-09-05        781     752971        606    1199,00    1209,00       0,00     -10,00       0,00       0,00    1199,00
 2014-09-05        782     663951        606    6069,00    5352,00       0,00     717,00       0,00       0,00    5579,00
 2014-09-06        783     663951        606    8167,00    6668,00       0,00    1499,00       0,00       0,00    8167,00
 2014-09-09        784     752971        606    3443,00    3264,00       0,00     179,00       0,00       0,00    3443,00
 2014-09-09        785     663951        606    4316,00    4322,00       0,00      -6,00       0,00       0,00    4316,00
 2014-09-10        786     752971        606    3085,00    3022,00       0,00      63,00      19,82       0,00    3085,00
 2014-09-10        787     663951        606    3869,00    3493,00       0,00     376,00      19,82       0,00    3869,00
 2014-09-11        788     752971        606    3476,00    2931,00       0,00     545,00       0,00       0,00    3476,00
 2014-09-11        789     663951        606    3943,00    3983,00       0,00     -40,00       0,00       0,00    3943,00
 2014-09-12        790     752971        606    4314,00    3699,00       0,00     615,00       0,00       0,00    4314,00
 2014-09-12        791     663951        606    3593,00    3229,00       0,00     364,00       0,00       0,00    3593,00
 2014-09-13        792     663951        606    7171,00    6259,00       0,00     912,00       0,00       0,00    7171,00
 2014-09-14        793     752971        606    3371,00    2226,00       0,00    1145,00      19,82       0,00    3371,00
 2014-09-15        794     752971        606    4619,00    4665,00       0,00     -46,00      39,64       0,00    4619,00

                                              239290.00  215308.00              23982.00    1011.64     361.00  238439.00
