play 18 8 2 2
play 19 0 5 6
play 20 7 6 1
play  21 3 4 1
play  22 6 5 1
play  23 8 6 5
play   24 3 5 2
play   25 6 7 0
play   26 1 6 0
play    27 2 2 0
play    28 5 1 0
play     29 0 1 1
play     30 5 2 1
play     31 2 8 1
play      32 2 0 5
play      33 0 8 5
play       34 4 2 5
play       35 5 3 5
play        36 4 3 6
play        37 7 4 5
play        38 6 1 5
play         39 7 3 2
guess         40 0 2 8
guess          41 0 0 2
play            42 0 7 3
play             43 0 4 7
guess             44 1 2 4
play               45 3 2 6
play                46 1 0 6
play                47 6 2 7
play                 48 1 1 3
play                 49 8 3 7
guess                 50 3 1 8
play                   51 6 0 8
play                    52 2 3 8
play                    53 6 8 4
play                     54 2 5 3
play                     55 6 3 3
play                     56 4 0 4
play                     57 5 7 4
play                     58 8 8 3
play                      59 3 0 3
play                      60 2 4 4
play                      61 4 6 3
play                      62 5 8 2
undo                      62 5 8 2
undo                      61 4 6 3
undo                      60 2 4 4
undo                      59 3 0 3
undo                     58 8 8 3
undo                     57 5 7 4
undo                     56 4 0 4
undo                     55 6 3 3
undo                     54 2 5 3
undo                    53 6 8 4
undo                    52 2 3 8
undo                   51 6 0 8
ungue                 50 3 1 8
undo                 49 8 3 7
undo                 48 1 1 3
undo                47 6 2 7
undo                46 1 0 6
undo               45 3 2 6
ungue             44 1 2 4
guess             44 1 2 6
play               45 6 2 4
play                46 1 1 4
play                47 3 2 7
play                48 6 0 7
play                 49 1 0 3
play                 50 3 1 3
play                 51 8 3 7
play                  52 3 0 6
play                  53 4 6 3
play                   54 3 6 8
play                   55 5 6 7
play                    56 4 5 7
play                     57 4 4 0
play                     58 8 5 0
play                      59 4 0 8
play                      60 5 5 8
play                      61 2 5 3
play                      62 6 3 3
play                      63 8 8 3
play                       64 5 0 4
play                       65 2 4 4
play                       66 2 3 8
play                       67 4 8 4
play                       68 7 5 4
play                       69 8 4 8
play                       70 6 8 8
play                        71 1 7 8
play                        72 7 1 8
play                        73 2 7 2
play                        74 1 4 2
play                        75 8 7 4
play                         76 8 1 6
play                         77 1 8 7
play                         78 5 8 2
play                         79 7 7 7
play                          80 5 7 6
play                          81 7 8 6
000000012008030000000000040120500000000004700060000000507000300000620000000100000,346795812258431697971862543129576438835214769764389251517948326493627185682153974